0 - conv1.weight torch.Size([64, 3, 7, 7])
1 - bn1.weight torch.Size([64])
2 - bn1.bias torch.Size([64])
3 - layer1.0.conv1.weight torch.Size([64, 64, 1, 1])
4 - layer1.0.bn1.weight torch.Size([64])
5 - layer1.0.bn1.bias torch.Size([64])
6 - layer1.0.conv2.weight torch.Size([64, 64, 3, 3])
7 - layer1.0.bn2.weight torch.Size([64])
8 - layer1.0.bn2.bias torch.Size([64])
9 - layer1.0.conv3.weight torch.Size([256, 64, 1, 1])
10 - layer1.0.bn3.weight torch.Size([256])
11 - layer1.0.bn3.bias torch.Size([256])
12 - layer1.0.downsample.0.weight torch.Size([256, 64, 1, 1])
13 - layer1.0.downsample.1.weight torch.Size([256])
14 - layer1.0.downsample.1.bias torch.Size([256])
15 - layer1.1.conv1.weight torch.Size([64, 256, 1, 1])
16 - layer1.1.bn1.weight torch.Size([64])
17 - layer1.1.bn1.bias torch.Size([64])
18 - layer1.1.conv2.weight torch.Size([64, 64, 3, 3])
19 - layer1.1.bn2.weight torch.Size([64])
20 - layer1.1.bn2.bias torch.Size([64])
21 - layer1.1.conv3.weight torch.Size([256, 64, 1, 1])
22 - layer1.1.bn3.weight torch.Size([256])
23 - layer1.1.bn3.bias torch.Size([256])
24 - layer1.2.conv1.weight torch.Size([64, 256, 1, 1])
25 - layer1.2.bn1.weight torch.Size([64])
26 - layer1.2.bn1.bias torch.Size([64])
27 - layer1.2.conv2.weight torch.Size([64, 64, 3, 3])
28 - layer1.2.bn2.weight torch.Size([64])
29 - layer1.2.bn2.bias torch.Size([64])
30 - layer1.2.conv3.weight torch.Size([256, 64, 1, 1])
31 - layer1.2.bn3.weight torch.Size([256])
32 - layer1.2.bn3.bias torch.Size([256])
33 - layer2.0.conv1.weight torch.Size([128, 256, 1, 1])
34 - layer2.0.bn1.weight torch.Size([128])
35 - layer2.0.bn1.bias torch.Size([128])
36 - layer2.0.conv2.weight torch.Size([128, 128, 3, 3])
37 - layer2.0.bn2.weight torch.Size([128])
38 - layer2.0.bn2.bias torch.Size([128])
39 - layer2.0.conv3.weight torch.Size([512, 128, 1, 1])
40 - layer2.0.bn3.weight torch.Size([512])
41 - layer2.0.bn3.bias torch.Size([512])
42 - layer2.0.downsample.0.weight torch.Size([512, 256, 1, 1])
43 - layer2.0.downsample.1.weight torch.Size([512])
44 - layer2.0.downsample.1.bias torch.Size([512])
45 - layer2.1.conv1.weight torch.Size([128, 512, 1, 1])
46 - layer2.1.bn1.weight torch.Size([128])
47 - layer2.1.bn1.bias torch.Size([128])
48 - layer2.1.conv2.weight torch.Size([128, 128, 3, 3])
49 - layer2.1.bn2.weight torch.Size([128])
50 - layer2.1.bn2.bias torch.Size([128])
51 - layer2.1.conv3.weight torch.Size([512, 128, 1, 1])
52 - layer2.1.bn3.weight torch.Size([512])
53 - layer2.1.bn3.bias torch.Size([512])
54 - layer2.2.conv1.weight torch.Size([128, 512, 1, 1])
55 - layer2.2.bn1.weight torch.Size([128])
56 - layer2.2.bn1.bias torch.Size([128])
57 - layer2.2.conv2.weight torch.Size([128, 128, 3, 3])
58 - layer2.2.bn2.weight torch.Size([128])
59 - layer2.2.bn2.bias torch.Size([128])
60 - layer2.2.conv3.weight torch.Size([512, 128, 1, 1])
61 - layer2.2.bn3.weight torch.Size([512])
62 - layer2.2.bn3.bias torch.Size([512])
63 - layer2.3.conv1.weight torch.Size([128, 512, 1, 1])
64 - layer2.3.bn1.weight torch.Size([128])
65 - layer2.3.bn1.bias torch.Size([128])
66 - layer2.3.conv2.weight torch.Size([128, 128, 3, 3])
67 - layer2.3.bn2.weight torch.Size([128])
68 - layer2.3.bn2.bias torch.Size([128])
69 - layer2.3.conv3.weight torch.Size([512, 128, 1, 1])
70 - layer2.3.bn3.weight torch.Size([512])
71 - layer2.3.bn3.bias torch.Size([512])
72 - layer3.0.conv1.weight torch.Size([256, 512, 1, 1])
73 - layer3.0.bn1.weight torch.Size([256])
74 - layer3.0.bn1.bias torch.Size([256])
75 - layer3.0.conv2.weight torch.Size([256, 256, 3, 3])
76 - layer3.0.bn2.weight torch.Size([256])
77 - layer3.0.bn2.bias torch.Size([256])
78 - layer3.0.conv3.weight torch.Size([1024, 256, 1, 1])
79 - layer3.0.bn3.weight torch.Size([1024])
80 - layer3.0.bn3.bias torch.Size([1024])
81 - layer3.0.downsample.0.weight torch.Size([1024, 512, 1, 1])
82 - layer3.0.downsample.1.weight torch.Size([1024])
83 - layer3.0.downsample.1.bias torch.Size([1024])
84 - layer3.1.conv1.weight torch.Size([256, 1024, 1, 1])
85 - layer3.1.bn1.weight torch.Size([256])
86 - layer3.1.bn1.bias torch.Size([256])
87 - layer3.1.conv2.weight torch.Size([256, 256, 3, 3])
88 - layer3.1.bn2.weight torch.Size([256])
89 - layer3.1.bn2.bias torch.Size([256])
90 - layer3.1.conv3.weight torch.Size([1024, 256, 1, 1])
91 - layer3.1.bn3.weight torch.Size([1024])
92 - layer3.1.bn3.bias torch.Size([1024])
93 - layer3.2.conv1.weight torch.Size([256, 1024, 1, 1])
94 - layer3.2.bn1.weight torch.Size([256])
95 - layer3.2.bn1.bias torch.Size([256])
96 - layer3.2.conv2.weight torch.Size([256, 256, 3, 3])
97 - layer3.2.bn2.weight torch.Size([256])
98 - layer3.2.bn2.bias torch.Size([256])
99 - layer3.2.conv3.weight torch.Size([1024, 256, 1, 1])
100 - layer3.2.bn3.weight torch.Size([1024])
101 - layer3.2.bn3.bias torch.Size([1024])
102 - layer3.3.conv1.weight torch.Size([256, 1024, 1, 1])
103 - layer3.3.bn1.weight torch.Size([256])
104 - layer3.3.bn1.bias torch.Size([256])
105 - layer3.3.conv2.weight torch.Size([256, 256, 3, 3])
106 - layer3.3.bn2.weight torch.Size([256])
107 - layer3.3.bn2.bias torch.Size([256])
108 - layer3.3.conv3.weight torch.Size([1024, 256, 1, 1])
109 - layer3.3.bn3.weight torch.Size([1024])
110 - layer3.3.bn3.bias torch.Size([1024])
111 - layer3.4.conv1.weight torch.Size([256, 1024, 1, 1])
112 - layer3.4.bn1.weight torch.Size([256])
113 - layer3.4.bn1.bias torch.Size([256])
114 - layer3.4.conv2.weight torch.Size([256, 256, 3, 3])
115 - layer3.4.bn2.weight torch.Size([256])
116 - layer3.4.bn2.bias torch.Size([256])
117 - layer3.4.conv3.weight torch.Size([1024, 256, 1, 1])
118 - layer3.4.bn3.weight torch.Size([1024])
119 - layer3.4.bn3.bias torch.Size([1024])
120 - layer3.5.conv1.weight torch.Size([256, 1024, 1, 1])
121 - layer3.5.bn1.weight torch.Size([256])
122 - layer3.5.bn1.bias torch.Size([256])
123 - layer3.5.conv2.weight torch.Size([256, 256, 3, 3])
124 - layer3.5.bn2.weight torch.Size([256])
125 - layer3.5.bn2.bias torch.Size([256])
126 - layer3.5.conv3.weight torch.Size([1024, 256, 1, 1])
127 - layer3.5.bn3.weight torch.Size([1024])
128 - layer3.5.bn3.bias torch.Size([1024])
129 - layer4.0.conv1.weight torch.Size([512, 1024, 1, 1])
130 - layer4.0.bn1.weight torch.Size([512])
131 - layer4.0.bn1.bias torch.Size([512])
132 - layer4.0.conv2.weight torch.Size([512, 512, 3, 3])
133 - layer4.0.bn2.weight torch.Size([512])
134 - layer4.0.bn2.bias torch.Size([512])
135 - layer4.0.conv3.weight torch.Size([2048, 512, 1, 1])
136 - layer4.0.bn3.weight torch.Size([2048])
137 - layer4.0.bn3.bias torch.Size([2048])
138 - layer4.0.downsample.0.weight torch.Size([2048, 1024, 1, 1])
139 - layer4.0.downsample.1.weight torch.Size([2048])
140 - layer4.0.downsample.1.bias torch.Size([2048])
141 - layer4.1.conv1.weight torch.Size([512, 2048, 1, 1])
142 - layer4.1.bn1.weight torch.Size([512])
143 - layer4.1.bn1.bias torch.Size([512])
144 - layer4.1.conv2.weight torch.Size([512, 512, 3, 3])
145 - layer4.1.bn2.weight torch.Size([512])
146 - layer4.1.bn2.bias torch.Size([512])
147 - layer4.1.conv3.weight torch.Size([2048, 512, 1, 1])
148 - layer4.1.bn3.weight torch.Size([2048])
149 - layer4.1.bn3.bias torch.Size([2048])
150 - layer4.2.conv1.weight torch.Size([512, 2048, 1, 1])
151 - layer4.2.bn1.weight torch.Size([512])
152 - layer4.2.bn1.bias torch.Size([512])
153 - layer4.2.conv2.weight torch.Size([512, 512, 3, 3])
154 - layer4.2.bn2.weight torch.Size([512])
155 - layer4.2.bn2.bias torch.Size([512])
156 - layer4.2.conv3.weight torch.Size([2048, 512, 1, 1])
157 - layer4.2.bn3.weight torch.Size([2048])
158 - layer4.2.bn3.bias torch.Size([2048])
159 - fc.weight torch.Size([1000, 2048])
160 - fc.bias torch.Size([1000])
