in lamb before cast:Parameter containing:
tensor([[[[ 4.0525e-02, -4.8129e-03, -4.5016e-02,  ..., -2.0831e-02,
            5.2426e-03,  5.7950e-02],
          [ 7.4865e-05, -1.9300e-03,  3.3170e-02,  ..., -1.7550e-02,
            3.1217e-02, -1.1813e-02],
          [ 2.2214e-02, -5.1258e-03,  2.9493e-02,  ...,  5.8758e-03,
            1.9010e-02,  1.8079e-02],
          ...,
          [ 1.8918e-02,  2.6609e-02, -1.9224e-03,  ...,  3.7046e-02,
           -2.5042e-02, -2.0541e-02],
          [-1.1439e-02, -2.9681e-02,  2.8608e-02,  ..., -6.7127e-03,
           -2.9972e-03, -1.7977e-02],
          [ 3.3524e-03, -5.2768e-02,  4.0867e-03,  ..., -1.1134e-02,
            3.7015e-02,  4.1959e-02]],

         [[ 6.9172e-03, -7.6244e-03,  2.9111e-02,  ...,  1.3918e-02,
           -1.0877e-02,  1.3713e-02],
          [-7.6129e-03,  1.7652e-02,  1.3852e-02,  ..., -7.0261e-04,
           -4.0927e-02,  1.6141e-02],
          [-7.0713e-03, -1.0173e-02, -1.0401e-02,  ...,  1.7011e-02,
           -2.8216e-02, -1.9274e-02],
          ...,
          [ 2.1756e-02, -4.1140e-02,  5.3914e-03,  ..., -1.8880e-03,
            2.7707e-03, -4.9411e-02],
          [ 6.9516e-03, -4.8190e-02,  6.1200e-03,  ..., -2.3364e-02,
           -2.7758e-02,  1.9269e-02],
          [-4.1629e-02, -2.5119e-02,  1.3921e-02,  ...,  4.6170e-03,
            1.4699e-02, -1.3049e-02]],

         [[ 1.3562e-02,  3.2865e-02,  2.0170e-02,  ..., -3.9157e-02,
            7.3064e-03,  2.0292e-02],
          [-2.4829e-02, -2.9391e-02,  5.1908e-02,  ..., -3.3297e-02,
           -1.5513e-02,  2.0154e-03],
          [-1.2507e-02,  1.8262e-02,  1.9834e-02,  ..., -4.5504e-02,
           -3.2814e-03,  3.1644e-02],
          ...,
          [-4.6145e-02,  4.0555e-02, -2.4417e-02,  ...,  1.8094e-02,
           -1.7321e-02,  1.0701e-02],
          [-3.0716e-03,  4.8246e-02,  2.2702e-02,  ...,  3.0790e-02,
            3.8578e-03, -3.6166e-02],
          [-2.0480e-02,  3.4787e-02, -2.1639e-05,  ..., -1.9030e-02,
           -2.7728e-02,  1.8506e-02]]],


        [[[ 4.2827e-03, -2.7133e-02,  5.2335e-02,  ..., -1.1706e-02,
            4.1806e-02,  4.5064e-03],
          [-1.5500e-02, -1.4025e-02, -4.3971e-03,  ..., -2.9025e-02,
           -2.4722e-04,  2.6543e-03],
          [ 3.3847e-02,  3.8999e-02,  5.0229e-02,  ..., -2.2540e-02,
            3.2303e-03,  3.2377e-02],
          ...,
          [-6.3230e-02, -5.8347e-02, -3.7443e-02,  ...,  4.8816e-03,
           -1.6736e-02,  3.3901e-03],
          [ 4.8770e-02, -3.3480e-02,  1.6691e-02,  ...,  9.4273e-03,
           -1.4765e-02, -1.1119e-02],
          [ 1.8374e-02, -4.1781e-02,  2.9065e-02,  ..., -4.5993e-02,
            1.8659e-02, -1.3255e-02]],

         [[ 2.2357e-02,  4.2584e-03, -1.1134e-02,  ...,  1.6980e-02,
           -1.0005e-02,  9.3739e-03],
          [ 4.8739e-03, -1.1660e-02,  2.8699e-02,  ...,  2.2290e-02,
            7.6382e-03, -6.0519e-02],
          [-2.8201e-02, -1.3621e-02,  5.5051e-02,  ..., -4.7274e-02,
            6.8784e-04,  2.8089e-02],
          ...,
          [-4.2875e-02, -2.4920e-02, -9.3857e-05,  ...,  3.1949e-02,
            2.2555e-02,  5.8314e-03],
          [-1.9868e-03, -1.6909e-02,  2.3847e-02,  ..., -1.2431e-02,
           -1.3118e-02, -5.1852e-02],
          [ 1.5147e-02, -2.0785e-02, -1.4735e-02,  ..., -2.0114e-02,
           -1.7535e-02, -9.6157e-03]],

         [[ 2.3759e-03,  4.3393e-02, -7.2887e-03,  ...,  3.3689e-02,
           -1.0897e-02, -5.8887e-03],
          [-6.4342e-03, -5.6185e-02,  3.6633e-03,  ..., -2.9452e-02,
           -1.1880e-03,  1.6797e-02],
          [-1.7962e-02,  1.0373e-02,  2.4717e-02,  ..., -5.1181e-03,
           -1.3636e-02,  8.9619e-03],
          ...,
          [-5.8255e-02,  5.2854e-02, -5.4955e-04,  ...,  5.1175e-02,
            1.3387e-02, -1.3311e-03],
          [ 1.4994e-02,  1.1281e-02,  3.1202e-02,  ...,  3.2875e-03,
            4.1134e-03, -2.3028e-02],
          [-5.0253e-03, -5.6582e-02, -1.1561e-02,  ..., -1.5002e-02,
           -1.0310e-02,  1.4028e-02]]],


        [[[-6.2015e-03,  3.1941e-03,  3.6527e-02,  ...,  1.4135e-02,
            6.3145e-03, -2.7774e-02],
          [-1.0325e-02, -3.1558e-02, -3.6441e-02,  ...,  1.9315e-02,
           -8.1802e-04, -3.0185e-02],
          [-2.5515e-02, -1.2690e-02, -2.6599e-02,  ...,  2.5541e-02,
            6.9363e-03,  3.1400e-02],
          ...,
          [-1.2629e-02, -1.5322e-02,  1.0073e-03,  ...,  2.1741e-02,
            2.4335e-02, -4.8526e-02],
          [-1.2027e-02, -6.0833e-03, -1.1019e-02,  ..., -3.2901e-02,
            5.2121e-02,  1.7072e-02],
          [-5.6247e-02,  1.8522e-02,  2.0795e-02,  ...,  5.2273e-03,
            4.3368e-04,  3.0622e-02]],

         [[-5.0814e-02, -3.2687e-02, -5.3012e-02,  ...,  9.0055e-05,
           -2.3791e-02, -3.4579e-02],
          [-7.2582e-03, -2.5985e-03, -8.8222e-03,  ..., -2.2540e-02,
            3.0377e-03, -7.4527e-03],
          [-2.5683e-02, -2.3425e-02,  7.5200e-03,  ...,  3.6385e-03,
            4.7734e-03,  2.4350e-02],
          ...,
          [ 2.5617e-02, -3.1619e-02,  3.9762e-02,  ..., -2.9925e-02,
           -1.3613e-02,  1.2517e-02],
          [-3.2656e-02, -2.4874e-02,  2.8653e-02,  ...,  7.4246e-03,
           -2.0571e-02, -1.9061e-02],
          [ 4.7452e-02,  1.5744e-02, -3.2840e-02,  ...,  5.1892e-03,
            8.6644e-03,  9.1908e-03]],

         [[-2.0983e-02, -1.1843e-02,  4.9405e-02,  ...,  2.6685e-02,
           -6.4342e-03, -1.2347e-02],
          [ 1.3814e-02,  3.1826e-03, -9.4249e-03,  ...,  3.5947e-02,
            3.5764e-02,  5.5287e-03],
          [ 5.6736e-03, -5.9359e-02,  9.7401e-03,  ..., -1.3041e-02,
           -1.6909e-02,  9.6638e-03],
          ...,
          [-9.8682e-04,  5.1481e-02,  3.7870e-02,  ...,  4.7757e-02,
            4.0342e-02,  6.1535e-04],
          [ 1.8705e-02,  1.5683e-02,  2.2245e-02,  ...,  3.6039e-02,
           -4.4955e-02, -2.0236e-02],
          [ 2.3816e-03, -1.6650e-02,  4.5408e-02,  ...,  3.8511e-02,
           -1.8817e-02, -9.5699e-03]]],


        ...,


        [[[-6.0489e-03, -8.3796e-03, -2.3371e-03,  ..., -6.3273e-03,
           -2.9498e-02, -3.6074e-02],
          [-5.4598e-02, -4.4619e-02,  7.7111e-03,  ..., -3.8117e-02,
           -5.2734e-03, -5.5697e-02],
          [-1.7870e-02, -3.2862e-03,  1.6889e-02,  ..., -2.0905e-03,
            2.2077e-02,  1.8247e-02],
          ...,
          [ 1.1546e-02,  1.7596e-02,  1.0229e-02,  ..., -1.0127e-02,
           -2.2600e-02,  3.7291e-02],
          [-1.6599e-02,  8.5507e-04, -4.3274e-03,  ..., -2.1982e-04,
            3.6898e-02, -2.2687e-02],
          [ 4.8549e-03, -3.6832e-02, -1.6370e-02,  ..., -1.4219e-02,
           -3.3750e-02, -5.2199e-03]],

         [[ 3.8790e-02, -4.7132e-03,  1.8967e-02,  ..., -8.0360e-03,
            1.3456e-02,  4.9299e-03],
          [-4.9654e-02,  2.1360e-02, -2.7574e-02,  ..., -2.5574e-02,
           -7.2310e-03, -1.4979e-02],
          [-4.7817e-03, -6.2685e-02,  1.4455e-02,  ..., -1.9961e-02,
            7.0740e-03, -2.7072e-02],
          ...,
          [-9.6183e-03,  1.7199e-02,  3.3994e-02,  ...,  1.8690e-02,
            4.2997e-02, -6.0213e-02],
          [-1.6034e-02, -2.1970e-02, -4.5835e-02,  ..., -4.9589e-02,
            9.9740e-03, -2.4183e-02],
          [ 1.4071e-02,  7.2733e-03, -8.6264e-03,  ...,  1.6133e-03,
           -3.2346e-02, -3.0256e-02]],

         [[ 1.0561e-02,  9.2368e-03,  2.5251e-02,  ..., -1.1145e-03,
            5.0077e-02, -4.7061e-02],
          [ 3.3384e-02,  3.0439e-02, -3.3995e-03,  ...,  4.0830e-03,
           -2.4676e-02, -1.5612e-02],
          [ 2.0398e-02, -1.4254e-02, -4.3704e-03,  ...,  4.3691e-03,
           -1.7108e-02, -2.4306e-03],
          ...,
          [-8.3033e-03,  9.3587e-03,  1.5531e-02,  ..., -6.1900e-03,
            9.8739e-04, -4.2208e-02],
          [-2.6918e-03, -1.7626e-02, -1.7916e-02,  ..., -1.9595e-02,
            3.4269e-02, -2.4416e-02],
          [-7.9732e-03, -3.5311e-02,  2.3572e-02,  ..., -7.1548e-03,
           -4.8006e-02, -4.1537e-02]]],


        [[[ 3.3357e-02,  1.4811e-02,  3.3042e-03,  ..., -3.3475e-02,
           -3.4635e-02, -1.8674e-02],
          [-9.4734e-03, -1.2281e-02, -1.4730e-02,  ..., -9.6639e-03,
           -1.1869e-02,  4.0805e-02],
          [ 7.6013e-03, -6.4939e-02,  4.3917e-02,  ...,  4.8068e-02,
            3.2374e-03,  6.0908e-03],
          ...,
          [-1.6721e-02, -4.8726e-03, -4.2875e-02,  ...,  1.9717e-02,
            9.4630e-03, -2.9813e-02],
          [-1.7392e-02,  8.9977e-03,  1.0455e-02,  ..., -2.9844e-02,
           -2.8547e-02, -1.7970e-03],
          [ 9.0129e-03,  2.5317e-02,  2.2250e-02,  ...,  1.4102e-03,
           -2.2092e-02,  1.9690e-03]],

         [[ 2.6105e-02, -7.3648e-03,  2.9983e-02,  ..., -3.7901e-02,
           -3.3956e-03,  1.1047e-03],
          [-7.8913e-03,  1.0156e-02, -1.6203e-02,  ..., -3.5612e-02,
           -3.8577e-02, -3.9797e-02],
          [-4.7167e-04,  2.2143e-02, -1.8236e-02,  ...,  4.0948e-03,
           -7.4525e-03, -9.8594e-03],
          ...,
          [ 2.3475e-03,  4.7670e-03, -9.4476e-03,  ..., -3.4853e-02,
           -4.2178e-02, -1.7443e-02],
          [ 1.1999e-02, -4.4034e-02, -6.5188e-02,  ..., -3.1527e-02,
            2.0887e-02,  2.5556e-02],
          [ 8.7761e-03,  1.5599e-03,  2.8674e-03,  ..., -3.8053e-02,
            7.1847e-03, -1.0066e-05]],

         [[ 1.4196e-02, -1.6551e-03,  3.4487e-02,  ..., -1.9777e-02,
           -7.1855e-03,  2.9862e-02],
          [ 6.4138e-03, -2.6411e-02,  1.5206e-03,  ..., -1.6894e-02,
           -5.1065e-03, -1.7413e-02],
          [ 1.0175e-02,  2.1613e-05, -3.1187e-02,  ..., -1.6650e-02,
           -4.0346e-03, -3.3114e-02],
          ...,
          [-5.3469e-02, -8.3436e-04, -4.5228e-03,  ...,  4.0832e-03,
           -4.9349e-02,  3.4360e-02],
          [ 6.7619e-05,  8.9090e-04,  9.1417e-03,  ...,  1.7026e-02,
           -9.3561e-03,  1.7316e-02],
          [ 2.5362e-02, -1.2715e-03,  4.8861e-02,  ..., -2.3913e-02,
           -3.5617e-02, -2.1472e-02]]],


        [[[-2.2271e-03,  2.8399e-02,  5.4965e-02,  ...,  9.0053e-03,
            7.8914e-03, -3.8724e-02],
          [-2.9432e-02,  2.7865e-02, -2.1146e-02,  ...,  2.5012e-02,
           -3.4665e-02,  1.8588e-02],
          [-1.3021e-02,  3.3786e-02, -2.5296e-02,  ...,  3.6196e-02,
            2.4768e-02, -2.6029e-02],
          ...,
          [-2.5998e-02,  2.4050e-02, -4.7239e-02,  ...,  3.3405e-03,
           -1.1167e-02,  7.5176e-03],
          [-3.9670e-02, -2.8336e-03, -1.8872e-02,  ...,  9.1121e-03,
            3.4091e-02, -4.1096e-03],
          [ 1.3003e-02, -2.1878e-02, -1.2799e-02,  ...,  2.5058e-02,
           -3.4859e-03, -1.3326e-02]],

         [[ 6.6478e-03,  4.3002e-02,  2.9686e-03,  ..., -3.0668e-02,
            4.0072e-02,  2.7778e-03],
          [ 1.6497e-02,  1.2004e-02, -3.9273e-02,  ...,  3.9890e-03,
           -1.1122e-03,  4.7091e-02],
          [ 6.6783e-03, -2.6227e-02, -1.9391e-02,  ...,  3.7372e-03,
            2.7015e-03, -9.8164e-03],
          ...,
          [ 1.2057e-02,  4.8770e-02,  5.3928e-03,  ..., -3.2926e-02,
           -9.7172e-03, -2.2382e-02],
          [ 7.5824e-03,  8.1229e-04,  1.2728e-02,  ...,  8.5323e-03,
           -6.0666e-02,  2.1319e-02],
          [-4.2295e-02, -2.8516e-02,  3.6441e-02,  ...,  1.3652e-02,
            4.9236e-03,  2.2937e-02]],

         [[ 2.9299e-02,  2.6980e-02,  2.0556e-02,  ...,  3.5220e-02,
            2.2677e-02,  2.7560e-02],
          [-4.2783e-02, -3.7778e-02,  2.6416e-02,  ...,  7.7732e-03,
            6.6734e-04,  1.8954e-02],
          [ 1.8191e-02,  1.0905e-02,  3.8028e-02,  ...,  5.8474e-02,
           -2.3862e-02,  1.1065e-02],
          ...,
          [-1.4281e-04, -2.5769e-02,  1.6009e-02,  ..., -2.9862e-03,
            6.3045e-03,  1.4781e-02],
          [ 4.4955e-02,  1.0310e-02, -1.2006e-02,  ..., -4.5743e-02,
            1.5948e-02, -4.3790e-02],
          [-2.6563e-02, -8.1227e-03, -1.3547e-02,  ...,  1.8084e-02,
           -2.4427e-02, -1.1312e-02]]]], device='cuda:0', requires_grad=True)
in lamb before cast:Parameter containing:
tensor([[[[ 4.0527e-02, -4.8141e-03, -4.5013e-02,  ..., -2.0828e-02,
            5.2414e-03,  5.7953e-02],
          [ 7.4863e-05, -1.9302e-03,  3.3173e-02,  ..., -1.7548e-02,
            3.1219e-02, -1.1810e-02],
          [ 2.2217e-02, -5.1270e-03,  2.9495e-02,  ...,  5.8746e-03,
            1.9012e-02,  1.8082e-02],
          ...,
          [ 1.8921e-02,  2.6611e-02, -1.9226e-03,  ...,  3.7048e-02,
           -2.5040e-02, -2.0538e-02],
          [-1.1436e-02, -2.9678e-02,  2.8610e-02,  ..., -6.7139e-03,
           -2.9964e-03, -1.7975e-02],
          [ 3.3531e-03, -5.2765e-02,  4.0855e-03,  ..., -1.1131e-02,
            3.7018e-02,  4.1962e-02]],

         [[ 6.9160e-03, -7.6256e-03,  2.9114e-02,  ...,  1.3916e-02,
           -1.0880e-02,  1.3710e-02],
          [-7.6141e-03,  1.7654e-02,  1.3855e-02,  ..., -7.0238e-04,
           -4.0924e-02,  1.6144e-02],
          [-7.0724e-03, -1.0170e-02, -1.0399e-02,  ...,  1.7014e-02,
           -2.8214e-02, -1.9272e-02],
          ...,
          [ 2.1759e-02, -4.1138e-02,  5.3902e-03,  ..., -1.8883e-03,
            2.7714e-03, -4.9408e-02],
          [ 6.9504e-03, -4.8187e-02,  6.1188e-03,  ..., -2.3361e-02,
           -2.7756e-02,  1.9272e-02],
          [-4.1626e-02, -2.5116e-02,  1.3924e-02,  ...,  4.6158e-03,
            1.4702e-02, -1.3046e-02]],

         [[ 1.3565e-02,  3.2867e-02,  2.0172e-02,  ..., -3.9154e-02,
            7.3051e-03,  2.0294e-02],
          [-2.4826e-02, -2.9388e-02,  5.1910e-02,  ..., -3.3295e-02,
           -1.5511e-02,  2.0161e-03],
          [-1.2505e-02,  1.8265e-02,  1.9836e-02,  ..., -4.5502e-02,
           -3.2806e-03,  3.1647e-02],
          ...,
          [-4.6143e-02,  4.0558e-02, -2.4414e-02,  ...,  1.8097e-02,
           -1.7319e-02,  1.0704e-02],
          [-3.0708e-03,  4.8248e-02,  2.2705e-02,  ...,  3.0792e-02,
            3.8586e-03, -3.6163e-02],
          [-2.0477e-02,  3.4790e-02, -2.1636e-05,  ..., -1.9028e-02,
           -2.7725e-02,  1.8509e-02]]],


        [[[ 4.2839e-03, -2.7130e-02,  5.2338e-02,  ..., -1.1703e-02,
            4.1809e-02,  4.5052e-03],
          [-1.5503e-02, -1.4023e-02, -4.3983e-03,  ..., -2.9022e-02,
           -2.4724e-04,  2.6550e-03],
          [ 3.3844e-02,  3.9001e-02,  5.0232e-02,  ..., -2.2537e-02,
            3.2310e-03,  3.2379e-02],
          ...,
          [-6.3232e-02, -5.8350e-02, -3.7445e-02,  ...,  4.8828e-03,
           -1.6739e-02,  3.3894e-03],
          [ 4.8767e-02, -3.3478e-02,  1.6693e-02,  ...,  9.4299e-03,
           -1.4763e-02, -1.1116e-02],
          [ 1.8372e-02, -4.1779e-02,  2.9068e-02,  ..., -4.5990e-02,
            1.8661e-02, -1.3252e-02]],

         [[ 2.2354e-02,  4.2572e-03, -1.1131e-02,  ...,  1.6983e-02,
           -1.0002e-02,  9.3765e-03],
          [ 4.8752e-03, -1.1658e-02,  2.8702e-02,  ...,  2.2293e-02,
            7.6370e-03, -6.0516e-02],
          [-2.8198e-02, -1.3618e-02,  5.5054e-02,  ..., -4.7272e-02,
            6.8808e-04,  2.8091e-02],
          ...,
          [-4.2877e-02, -2.4918e-02, -9.3877e-05,  ...,  3.1952e-02,
            2.2552e-02,  5.8327e-03],
          [-1.9875e-03, -1.6907e-02,  2.3849e-02,  ..., -1.2428e-02,
           -1.3115e-02, -5.1849e-02],
          [ 1.5144e-02, -2.0782e-02, -1.4732e-02,  ..., -2.0111e-02,
           -1.7532e-02, -9.6130e-03]],

         [[ 2.3766e-03,  4.3396e-02, -7.2899e-03,  ...,  3.3691e-02,
           -1.0895e-02, -5.8899e-03],
          [-6.4354e-03, -5.6183e-02,  3.6640e-03,  ..., -2.9449e-02,
           -1.1883e-03,  1.6800e-02],
          [-1.7960e-02,  1.0376e-02,  2.4719e-02,  ..., -5.1193e-03,
           -1.3634e-02,  8.9645e-03],
          ...,
          [-5.8258e-02,  5.2856e-02, -5.4932e-04,  ...,  5.1178e-02,
            1.3390e-02, -1.3313e-03],
          [ 1.4992e-02,  1.1284e-02,  3.1204e-02,  ...,  3.2883e-03,
            4.1122e-03, -2.3026e-02],
          [-5.0240e-03, -5.6580e-02, -1.1559e-02,  ..., -1.4999e-02,
           -1.0307e-02,  1.4030e-02]]],


        [[[-6.2027e-03,  3.1948e-03,  3.6530e-02,  ...,  1.4137e-02,
            6.3133e-03, -2.7771e-02],
          [-1.0323e-02, -3.1555e-02, -3.6438e-02,  ...,  1.9318e-02,
           -8.1825e-04, -3.0182e-02],
          [-2.5513e-02, -1.2688e-02, -2.6596e-02,  ...,  2.5543e-02,
            6.9351e-03,  3.1403e-02],
          ...,
          [-1.2627e-02, -1.5320e-02,  1.0071e-03,  ...,  2.1744e-02,
            2.4338e-02, -4.8523e-02],
          [-1.2024e-02, -6.0844e-03, -1.1017e-02,  ..., -3.2898e-02,
            5.2124e-02,  1.7075e-02],
          [-5.6244e-02,  1.8524e-02,  2.0798e-02,  ...,  5.2261e-03,
            4.3368e-04,  3.0624e-02]],

         [[-5.0812e-02, -3.2684e-02, -5.3009e-02,  ...,  9.0063e-05,
           -2.3788e-02, -3.4576e-02],
          [-7.2594e-03, -2.5978e-03, -8.8196e-03,  ..., -2.2537e-02,
            3.0384e-03, -7.4539e-03],
          [-2.5681e-02, -2.3422e-02,  7.5188e-03,  ...,  3.6392e-03,
            4.7722e-03,  2.4353e-02],
          ...,
          [ 2.5620e-02, -3.1616e-02,  3.9764e-02,  ..., -2.9922e-02,
           -1.3611e-02,  1.2520e-02],
          [-3.2654e-02, -2.4872e-02,  2.8656e-02,  ...,  7.4234e-03,
           -2.0569e-02, -1.9058e-02],
          [ 4.7455e-02,  1.5747e-02, -3.2837e-02,  ...,  5.1880e-03,
            8.6670e-03,  9.1934e-03]],

         [[-2.0981e-02, -1.1841e-02,  4.9408e-02,  ...,  2.6688e-02,
           -6.4354e-03, -1.2344e-02],
          [ 1.3817e-02,  3.1834e-03, -9.4223e-03,  ...,  3.5950e-02,
            3.5767e-02,  5.5275e-03],
          [ 5.6725e-03, -5.9357e-02,  9.7427e-03,  ..., -1.3039e-02,
           -1.6907e-02,  9.6664e-03],
          ...,
          [-9.8705e-04,  5.1483e-02,  3.7872e-02,  ...,  4.7760e-02,
            4.0344e-02,  6.1512e-04],
          [ 1.8707e-02,  1.5686e-02,  2.2247e-02,  ...,  3.6041e-02,
           -4.4952e-02, -2.0233e-02],
          [ 2.3823e-03, -1.6647e-02,  4.5410e-02,  ...,  3.8513e-02,
           -1.8814e-02, -9.5673e-03]]],


        ...,


        [[[-6.0501e-03, -8.3771e-03, -2.3365e-03,  ..., -6.3286e-03,
           -2.9495e-02, -3.6072e-02],
          [-5.4596e-02, -4.4617e-02,  7.7095e-03,  ..., -3.8116e-02,
           -5.2719e-03, -5.5695e-02],
          [-1.7868e-02, -3.2864e-03,  1.6891e-02,  ..., -2.0905e-03,
            2.2079e-02,  1.8250e-02],
          ...,
          [ 1.1543e-02,  1.7593e-02,  1.0231e-02,  ..., -1.0124e-02,
           -2.2598e-02,  3.7292e-02],
          [-1.6602e-02,  8.5497e-04, -4.3259e-03,  ..., -2.1982e-04,
            3.6896e-02, -2.2690e-02],
          [ 4.8561e-03, -3.6835e-02, -1.6373e-02,  ..., -1.4221e-02,
           -3.3752e-02, -5.2185e-03]],

         [[ 3.8788e-02, -4.7150e-03,  1.8967e-02,  ..., -8.0338e-03,
            1.3458e-02,  4.9286e-03],
          [-4.9652e-02,  2.1362e-02, -2.7573e-02,  ..., -2.5574e-02,
           -7.2327e-03, -1.4977e-02],
          [-4.7836e-03, -6.2683e-02,  1.4458e-02,  ..., -1.9958e-02,
            7.0724e-03, -2.7069e-02],
          ...,
          [-9.6207e-03,  1.7197e-02,  3.3997e-02,  ...,  1.8692e-02,
            4.2999e-02, -6.0211e-02],
          [-1.6037e-02, -2.1973e-02, -4.5837e-02,  ..., -4.9591e-02,
            9.9716e-03, -2.4185e-02],
          [ 1.4069e-02,  7.2746e-03, -8.6288e-03,  ...,  1.6136e-03,
           -3.2349e-02, -3.0258e-02]],

         [[ 1.0559e-02,  9.2392e-03,  2.5253e-02,  ..., -1.1148e-03,
            5.0079e-02, -4.7058e-02],
          [ 3.3386e-02,  3.0441e-02, -3.3989e-03,  ...,  4.0817e-03,
           -2.4673e-02, -1.5610e-02],
          [ 2.0401e-02, -1.4252e-02, -4.3716e-03,  ...,  4.3678e-03,
           -1.7105e-02, -2.4300e-03],
          ...,
          [-8.3008e-03,  9.3613e-03,  1.5533e-02,  ..., -6.1913e-03,
            9.8705e-04, -4.2206e-02],
          [-2.6913e-03, -1.7624e-02, -1.7914e-02,  ..., -1.9592e-02,
            3.4271e-02, -2.4414e-02],
          [-7.9727e-03, -3.5309e-02,  2.3575e-02,  ..., -7.1564e-03,
           -4.8004e-02, -4.1534e-02]]],


        [[[ 3.3356e-02,  1.4809e-02,  3.3035e-03,  ..., -3.3478e-02,
           -3.4637e-02, -1.8677e-02],
          [-9.4757e-03, -1.2283e-02, -1.4732e-02,  ..., -9.6664e-03,
           -1.1871e-02,  4.0802e-02],
          [ 7.6027e-03, -6.4941e-02,  4.3915e-02,  ...,  4.8065e-02,
            3.2368e-03,  6.0921e-03],
          ...,
          [-1.6724e-02, -4.8714e-03, -4.2877e-02,  ...,  1.9714e-02,
            9.4604e-03, -2.9816e-02],
          [-1.7395e-02,  8.9951e-03,  1.0452e-02,  ..., -2.9846e-02,
           -2.8549e-02, -1.7967e-03],
          [ 9.0103e-03,  2.5314e-02,  2.2247e-02,  ...,  1.4105e-03,
           -2.2095e-02,  1.9684e-03]],

         [[ 2.6108e-02, -7.3662e-03,  2.9984e-02,  ..., -3.7903e-02,
           -3.3951e-03,  1.1044e-03],
          [-7.8888e-03,  1.0155e-02, -1.6205e-02,  ..., -3.5614e-02,
           -3.8574e-02, -3.9795e-02],
          [-4.7159e-04,  2.2141e-02, -1.8234e-02,  ...,  4.0932e-03,
           -7.4539e-03, -9.8572e-03],
          ...,
          [ 2.3479e-03,  4.7684e-03, -9.4452e-03,  ..., -3.4851e-02,
           -4.2175e-02, -1.7441e-02],
          [ 1.2001e-02, -4.4037e-02, -6.5186e-02,  ..., -3.1525e-02,
            2.0889e-02,  2.5558e-02],
          [ 8.7738e-03,  1.5602e-03,  2.8667e-03,  ..., -3.8055e-02,
            7.1831e-03, -1.0066e-05]],

         [[ 1.4198e-02, -1.6546e-03,  3.4485e-02,  ..., -1.9775e-02,
           -7.1869e-03,  2.9861e-02],
          [ 6.4125e-03, -2.6413e-02,  1.5202e-03,  ..., -1.6891e-02,
           -5.1079e-03, -1.7410e-02],
          [ 1.0178e-02,  2.1607e-05, -3.1189e-02,  ..., -1.6647e-02,
           -4.0359e-03, -3.3112e-02],
          ...,
          [-5.3467e-02, -8.3447e-04, -4.5242e-03,  ...,  4.0817e-03,
           -4.9347e-02,  3.4363e-02],
          [ 6.7592e-05,  8.9073e-04,  9.1400e-03,  ...,  1.7029e-02,
           -9.3536e-03,  1.7319e-02],
          [ 2.5360e-02, -1.2712e-03,  4.8859e-02,  ..., -2.3911e-02,
           -3.5614e-02, -2.1469e-02]]],


        [[[-2.2278e-03,  2.8397e-02,  5.4962e-02,  ...,  9.0027e-03,
            7.8888e-03, -3.8727e-02],
          [-2.9434e-02,  2.7863e-02, -2.1149e-02,  ...,  2.5009e-02,
           -3.4668e-02,  1.8585e-02],
          [-1.3023e-02,  3.3783e-02, -2.5299e-02,  ...,  3.6194e-02,
            2.4765e-02, -2.6031e-02],
          ...,
          [-2.6001e-02,  2.4048e-02, -4.7241e-02,  ...,  3.3398e-03,
           -1.1169e-02,  7.5188e-03],
          [-3.9673e-02, -2.8343e-03, -1.8875e-02,  ...,  9.1095e-03,
            3.4088e-02, -4.1084e-03],
          [ 1.3000e-02, -2.1881e-02, -1.2802e-02,  ...,  2.5055e-02,
           -3.4866e-03, -1.3329e-02]],

         [[ 6.6490e-03,  4.2999e-02,  2.9678e-03,  ..., -3.0670e-02,
            4.0070e-02,  2.7771e-03],
          [ 1.6495e-02,  1.2001e-02, -3.9276e-02,  ...,  3.9902e-03,
           -1.1120e-03,  4.7089e-02],
          [ 6.6795e-03, -2.6230e-02, -1.9394e-02,  ...,  3.7365e-03,
            2.7008e-03, -9.8190e-03],
          ...,
          [ 1.2054e-02,  4.8767e-02,  5.3940e-03,  ..., -3.2928e-02,
           -9.7198e-03, -2.2385e-02],
          [ 7.5836e-03,  8.1253e-04,  1.2726e-02,  ...,  8.5297e-03,
           -6.0669e-02,  2.1317e-02],
          [-4.2297e-02, -2.8519e-02,  3.6438e-02,  ...,  1.3649e-02,
            4.9248e-03,  2.2934e-02]],

         [[ 2.9297e-02,  2.6978e-02,  2.0554e-02,  ...,  3.5217e-02,
            2.2675e-02,  2.7557e-02],
          [-4.2786e-02, -3.7781e-02,  2.6413e-02,  ...,  7.7744e-03,
            6.6757e-04,  1.8951e-02],
          [ 1.8188e-02,  1.0902e-02,  3.8025e-02,  ...,  5.8472e-02,
           -2.3865e-02,  1.1063e-02],
          ...,
          [-1.4281e-04, -2.5772e-02,  1.6006e-02,  ..., -2.9869e-03,
            6.3057e-03,  1.4778e-02],
          [ 4.4952e-02,  1.0307e-02, -1.2009e-02,  ..., -4.5746e-02,
            1.5945e-02, -4.3793e-02],
          [-2.6566e-02, -8.1253e-03, -1.3550e-02,  ...,  1.8082e-02,
           -2.4429e-02, -1.1314e-02]]]], device='cuda:0', requires_grad=True)
