ooo0 conv1.weight <class 'torch.nn.parameter.Parameter'> torch.Size([64, 3, 7, 7])
ooo1 bn1.weight <class 'torch.nn.parameter.Parameter'> torch.Size([64])
ooo2 bn1.bias <class 'torch.nn.parameter.Parameter'> torch.Size([64])
ooo3 layer1.0.conv1.weight <class 'torch.nn.parameter.Parameter'> torch.Size([64, 64, 1, 1])
ooo4 layer1.0.bn1.weight <class 'torch.nn.parameter.Parameter'> torch.Size([64])
ooo5 layer1.0.bn1.bias <class 'torch.nn.parameter.Parameter'> torch.Size([64])
ooo6 layer1.0.conv2.weight <class 'torch.nn.parameter.Parameter'> torch.Size([64, 64, 3, 3])
ooo7 layer1.0.bn2.weight <class 'torch.nn.parameter.Parameter'> torch.Size([64])
ooo8 layer1.0.bn2.bias <class 'torch.nn.parameter.Parameter'> torch.Size([64])
ooo9 layer1.0.conv3.weight <class 'torch.nn.parameter.Parameter'> torch.Size([256, 64, 1, 1])
ooo10 layer1.0.bn3.weight <class 'torch.nn.parameter.Parameter'> torch.Size([256])
ooo11 layer1.0.bn3.bias <class 'torch.nn.parameter.Parameter'> torch.Size([256])
ooo12 layer1.0.downsample.0.weight <class 'torch.nn.parameter.Parameter'> torch.Size([256, 64, 1, 1])
ooo13 layer1.0.downsample.1.weight <class 'torch.nn.parameter.Parameter'> torch.Size([256])
ooo14 layer1.0.downsample.1.bias <class 'torch.nn.parameter.Parameter'> torch.Size([256])
ooo15 layer1.1.conv1.weight <class 'torch.nn.parameter.Parameter'> torch.Size([64, 256, 1, 1])
ooo16 layer1.1.bn1.weight <class 'torch.nn.parameter.Parameter'> torch.Size([64])
ooo17 layer1.1.bn1.bias <class 'torch.nn.parameter.Parameter'> torch.Size([64])
ooo18 layer1.1.conv2.weight <class 'torch.nn.parameter.Parameter'> torch.Size([64, 64, 3, 3])
ooo19 layer1.1.bn2.weight <class 'torch.nn.parameter.Parameter'> torch.Size([64])
ooo20 layer1.1.bn2.bias <class 'torch.nn.parameter.Parameter'> torch.Size([64])
ooo21 layer1.1.conv3.weight <class 'torch.nn.parameter.Parameter'> torch.Size([256, 64, 1, 1])
ooo22 layer1.1.bn3.weight <class 'torch.nn.parameter.Parameter'> torch.Size([256])
ooo23 layer1.1.bn3.bias <class 'torch.nn.parameter.Parameter'> torch.Size([256])
ooo24 layer1.2.conv1.weight <class 'torch.nn.parameter.Parameter'> torch.Size([64, 256, 1, 1])
ooo25 layer1.2.bn1.weight <class 'torch.nn.parameter.Parameter'> torch.Size([64])
ooo26 layer1.2.bn1.bias <class 'torch.nn.parameter.Parameter'> torch.Size([64])
ooo27 layer1.2.conv2.weight <class 'torch.nn.parameter.Parameter'> torch.Size([64, 64, 3, 3])
ooo28 layer1.2.bn2.weight <class 'torch.nn.parameter.Parameter'> torch.Size([64])
ooo29 layer1.2.bn2.bias <class 'torch.nn.parameter.Parameter'> torch.Size([64])
ooo30 layer1.2.conv3.weight <class 'torch.nn.parameter.Parameter'> torch.Size([256, 64, 1, 1])
ooo31 layer1.2.bn3.weight <class 'torch.nn.parameter.Parameter'> torch.Size([256])
ooo32 layer1.2.bn3.bias <class 'torch.nn.parameter.Parameter'> torch.Size([256])
ooo33 layer2.0.conv1.weight <class 'torch.nn.parameter.Parameter'> torch.Size([128, 256, 1, 1])
ooo34 layer2.0.bn1.weight <class 'torch.nn.parameter.Parameter'> torch.Size([128])
ooo35 layer2.0.bn1.bias <class 'torch.nn.parameter.Parameter'> torch.Size([128])
ooo36 layer2.0.conv2.weight <class 'torch.nn.parameter.Parameter'> torch.Size([128, 128, 3, 3])
ooo37 layer2.0.bn2.weight <class 'torch.nn.parameter.Parameter'> torch.Size([128])
ooo38 layer2.0.bn2.bias <class 'torch.nn.parameter.Parameter'> torch.Size([128])
ooo39 layer2.0.conv3.weight <class 'torch.nn.parameter.Parameter'> torch.Size([512, 128, 1, 1])
ooo40 layer2.0.bn3.weight <class 'torch.nn.parameter.Parameter'> torch.Size([512])
ooo41 layer2.0.bn3.bias <class 'torch.nn.parameter.Parameter'> torch.Size([512])
ooo42 layer2.0.downsample.0.weight <class 'torch.nn.parameter.Parameter'> torch.Size([512, 256, 1, 1])
ooo43 layer2.0.downsample.1.weight <class 'torch.nn.parameter.Parameter'> torch.Size([512])
ooo44 layer2.0.downsample.1.bias <class 'torch.nn.parameter.Parameter'> torch.Size([512])
ooo45 layer2.1.conv1.weight <class 'torch.nn.parameter.Parameter'> torch.Size([128, 512, 1, 1])
ooo46 layer2.1.bn1.weight <class 'torch.nn.parameter.Parameter'> torch.Size([128])
ooo47 layer2.1.bn1.bias <class 'torch.nn.parameter.Parameter'> torch.Size([128])
ooo48 layer2.1.conv2.weight <class 'torch.nn.parameter.Parameter'> torch.Size([128, 128, 3, 3])
ooo49 layer2.1.bn2.weight <class 'torch.nn.parameter.Parameter'> torch.Size([128])
ooo50 layer2.1.bn2.bias <class 'torch.nn.parameter.Parameter'> torch.Size([128])
ooo51 layer2.1.conv3.weight <class 'torch.nn.parameter.Parameter'> torch.Size([512, 128, 1, 1])
ooo52 layer2.1.bn3.weight <class 'torch.nn.parameter.Parameter'> torch.Size([512])
ooo53 layer2.1.bn3.bias <class 'torch.nn.parameter.Parameter'> torch.Size([512])
ooo54 layer2.2.conv1.weight <class 'torch.nn.parameter.Parameter'> torch.Size([128, 512, 1, 1])
ooo55 layer2.2.bn1.weight <class 'torch.nn.parameter.Parameter'> torch.Size([128])
ooo56 layer2.2.bn1.bias <class 'torch.nn.parameter.Parameter'> torch.Size([128])
ooo57 layer2.2.conv2.weight <class 'torch.nn.parameter.Parameter'> torch.Size([128, 128, 3, 3])
ooo58 layer2.2.bn2.weight <class 'torch.nn.parameter.Parameter'> torch.Size([128])
ooo59 layer2.2.bn2.bias <class 'torch.nn.parameter.Parameter'> torch.Size([128])
ooo60 layer2.2.conv3.weight <class 'torch.nn.parameter.Parameter'> torch.Size([512, 128, 1, 1])
ooo61 layer2.2.bn3.weight <class 'torch.nn.parameter.Parameter'> torch.Size([512])
ooo62 layer2.2.bn3.bias <class 'torch.nn.parameter.Parameter'> torch.Size([512])
ooo63 layer2.3.conv1.weight <class 'torch.nn.parameter.Parameter'> torch.Size([128, 512, 1, 1])
ooo64 layer2.3.bn1.weight <class 'torch.nn.parameter.Parameter'> torch.Size([128])
ooo65 layer2.3.bn1.bias <class 'torch.nn.parameter.Parameter'> torch.Size([128])
ooo66 layer2.3.conv2.weight <class 'torch.nn.parameter.Parameter'> torch.Size([128, 128, 3, 3])
ooo67 layer2.3.bn2.weight <class 'torch.nn.parameter.Parameter'> torch.Size([128])
ooo68 layer2.3.bn2.bias <class 'torch.nn.parameter.Parameter'> torch.Size([128])
ooo69 layer2.3.conv3.weight <class 'torch.nn.parameter.Parameter'> torch.Size([512, 128, 1, 1])
ooo70 layer2.3.bn3.weight <class 'torch.nn.parameter.Parameter'> torch.Size([512])
ooo71 layer2.3.bn3.bias <class 'torch.nn.parameter.Parameter'> torch.Size([512])
ooo72 layer3.0.conv1.weight <class 'torch.nn.parameter.Parameter'> torch.Size([256, 512, 1, 1])
ooo73 layer3.0.bn1.weight <class 'torch.nn.parameter.Parameter'> torch.Size([256])
ooo74 layer3.0.bn1.bias <class 'torch.nn.parameter.Parameter'> torch.Size([256])
ooo75 layer3.0.conv2.weight <class 'torch.nn.parameter.Parameter'> torch.Size([256, 256, 3, 3])
ooo76 layer3.0.bn2.weight <class 'torch.nn.parameter.Parameter'> torch.Size([256])
ooo77 layer3.0.bn2.bias <class 'torch.nn.parameter.Parameter'> torch.Size([256])
ooo78 layer3.0.conv3.weight <class 'torch.nn.parameter.Parameter'> torch.Size([1024, 256, 1, 1])
ooo79 layer3.0.bn3.weight <class 'torch.nn.parameter.Parameter'> torch.Size([1024])
ooo80 layer3.0.bn3.bias <class 'torch.nn.parameter.Parameter'> torch.Size([1024])
ooo81 layer3.0.downsample.0.weight <class 'torch.nn.parameter.Parameter'> torch.Size([1024, 512, 1, 1])
ooo82 layer3.0.downsample.1.weight <class 'torch.nn.parameter.Parameter'> torch.Size([1024])
ooo83 layer3.0.downsample.1.bias <class 'torch.nn.parameter.Parameter'> torch.Size([1024])
ooo84 layer3.1.conv1.weight <class 'torch.nn.parameter.Parameter'> torch.Size([256, 1024, 1, 1])
ooo85 layer3.1.bn1.weight <class 'torch.nn.parameter.Parameter'> torch.Size([256])
ooo86 layer3.1.bn1.bias <class 'torch.nn.parameter.Parameter'> torch.Size([256])
ooo87 layer3.1.conv2.weight <class 'torch.nn.parameter.Parameter'> torch.Size([256, 256, 3, 3])
ooo88 layer3.1.bn2.weight <class 'torch.nn.parameter.Parameter'> torch.Size([256])
ooo89 layer3.1.bn2.bias <class 'torch.nn.parameter.Parameter'> torch.Size([256])
ooo90 layer3.1.conv3.weight <class 'torch.nn.parameter.Parameter'> torch.Size([1024, 256, 1, 1])
ooo91 layer3.1.bn3.weight <class 'torch.nn.parameter.Parameter'> torch.Size([1024])
ooo92 layer3.1.bn3.bias <class 'torch.nn.parameter.Parameter'> torch.Size([1024])
ooo93 layer3.2.conv1.weight <class 'torch.nn.parameter.Parameter'> torch.Size([256, 1024, 1, 1])
ooo94 layer3.2.bn1.weight <class 'torch.nn.parameter.Parameter'> torch.Size([256])
ooo95 layer3.2.bn1.bias <class 'torch.nn.parameter.Parameter'> torch.Size([256])
ooo96 layer3.2.conv2.weight <class 'torch.nn.parameter.Parameter'> torch.Size([256, 256, 3, 3])
ooo97 layer3.2.bn2.weight <class 'torch.nn.parameter.Parameter'> torch.Size([256])
ooo98 layer3.2.bn2.bias <class 'torch.nn.parameter.Parameter'> torch.Size([256])
ooo99 layer3.2.conv3.weight <class 'torch.nn.parameter.Parameter'> torch.Size([1024, 256, 1, 1])
ooo100 layer3.2.bn3.weight <class 'torch.nn.parameter.Parameter'> torch.Size([1024])
ooo101 layer3.2.bn3.bias <class 'torch.nn.parameter.Parameter'> torch.Size([1024])
ooo102 layer3.3.conv1.weight <class 'torch.nn.parameter.Parameter'> torch.Size([256, 1024, 1, 1])
ooo103 layer3.3.bn1.weight <class 'torch.nn.parameter.Parameter'> torch.Size([256])
ooo104 layer3.3.bn1.bias <class 'torch.nn.parameter.Parameter'> torch.Size([256])
ooo105 layer3.3.conv2.weight <class 'torch.nn.parameter.Parameter'> torch.Size([256, 256, 3, 3])
ooo106 layer3.3.bn2.weight <class 'torch.nn.parameter.Parameter'> torch.Size([256])
ooo107 layer3.3.bn2.bias <class 'torch.nn.parameter.Parameter'> torch.Size([256])
ooo108 layer3.3.conv3.weight <class 'torch.nn.parameter.Parameter'> torch.Size([1024, 256, 1, 1])
ooo109 layer3.3.bn3.weight <class 'torch.nn.parameter.Parameter'> torch.Size([1024])
ooo110 layer3.3.bn3.bias <class 'torch.nn.parameter.Parameter'> torch.Size([1024])
ooo111 layer3.4.conv1.weight <class 'torch.nn.parameter.Parameter'> torch.Size([256, 1024, 1, 1])
ooo112 layer3.4.bn1.weight <class 'torch.nn.parameter.Parameter'> torch.Size([256])
ooo113 layer3.4.bn1.bias <class 'torch.nn.parameter.Parameter'> torch.Size([256])
ooo114 layer3.4.conv2.weight <class 'torch.nn.parameter.Parameter'> torch.Size([256, 256, 3, 3])
ooo115 layer3.4.bn2.weight <class 'torch.nn.parameter.Parameter'> torch.Size([256])
ooo116 layer3.4.bn2.bias <class 'torch.nn.parameter.Parameter'> torch.Size([256])
ooo117 layer3.4.conv3.weight <class 'torch.nn.parameter.Parameter'> torch.Size([1024, 256, 1, 1])
ooo118 layer3.4.bn3.weight <class 'torch.nn.parameter.Parameter'> torch.Size([1024])
ooo119 layer3.4.bn3.bias <class 'torch.nn.parameter.Parameter'> torch.Size([1024])
ooo120 layer3.5.conv1.weight <class 'torch.nn.parameter.Parameter'> torch.Size([256, 1024, 1, 1])
ooo121 layer3.5.bn1.weight <class 'torch.nn.parameter.Parameter'> torch.Size([256])
ooo122 layer3.5.bn1.bias <class 'torch.nn.parameter.Parameter'> torch.Size([256])
ooo123 layer3.5.conv2.weight <class 'torch.nn.parameter.Parameter'> torch.Size([256, 256, 3, 3])
ooo124 layer3.5.bn2.weight <class 'torch.nn.parameter.Parameter'> torch.Size([256])
ooo125 layer3.5.bn2.bias <class 'torch.nn.parameter.Parameter'> torch.Size([256])
ooo126 layer3.5.conv3.weight <class 'torch.nn.parameter.Parameter'> torch.Size([1024, 256, 1, 1])
ooo127 layer3.5.bn3.weight <class 'torch.nn.parameter.Parameter'> torch.Size([1024])
ooo128 layer3.5.bn3.bias <class 'torch.nn.parameter.Parameter'> torch.Size([1024])
ooo129 layer4.0.conv1.weight <class 'torch.nn.parameter.Parameter'> torch.Size([512, 1024, 1, 1])
ooo130 layer4.0.bn1.weight <class 'torch.nn.parameter.Parameter'> torch.Size([512])
ooo131 layer4.0.bn1.bias <class 'torch.nn.parameter.Parameter'> torch.Size([512])
ooo132 layer4.0.conv2.weight <class 'torch.nn.parameter.Parameter'> torch.Size([512, 512, 3, 3])
ooo133 layer4.0.bn2.weight <class 'torch.nn.parameter.Parameter'> torch.Size([512])
ooo134 layer4.0.bn2.bias <class 'torch.nn.parameter.Parameter'> torch.Size([512])
ooo135 layer4.0.conv3.weight <class 'torch.nn.parameter.Parameter'> torch.Size([2048, 512, 1, 1])
ooo136 layer4.0.bn3.weight <class 'torch.nn.parameter.Parameter'> torch.Size([2048])
ooo137 layer4.0.bn3.bias <class 'torch.nn.parameter.Parameter'> torch.Size([2048])
ooo138 layer4.0.downsample.0.weight <class 'torch.nn.parameter.Parameter'> torch.Size([2048, 1024, 1, 1])
ooo139 layer4.0.downsample.1.weight <class 'torch.nn.parameter.Parameter'> torch.Size([2048])
ooo140 layer4.0.downsample.1.bias <class 'torch.nn.parameter.Parameter'> torch.Size([2048])
ooo141 layer4.1.conv1.weight <class 'torch.nn.parameter.Parameter'> torch.Size([512, 2048, 1, 1])
ooo142 layer4.1.bn1.weight <class 'torch.nn.parameter.Parameter'> torch.Size([512])
ooo143 layer4.1.bn1.bias <class 'torch.nn.parameter.Parameter'> torch.Size([512])
ooo144 layer4.1.conv2.weight <class 'torch.nn.parameter.Parameter'> torch.Size([512, 512, 3, 3])
ooo145 layer4.1.bn2.weight <class 'torch.nn.parameter.Parameter'> torch.Size([512])
ooo146 layer4.1.bn2.bias <class 'torch.nn.parameter.Parameter'> torch.Size([512])
ooo147 layer4.1.conv3.weight <class 'torch.nn.parameter.Parameter'> torch.Size([2048, 512, 1, 1])
ooo148 layer4.1.bn3.weight <class 'torch.nn.parameter.Parameter'> torch.Size([2048])
ooo149 layer4.1.bn3.bias <class 'torch.nn.parameter.Parameter'> torch.Size([2048])
ooo150 layer4.2.conv1.weight <class 'torch.nn.parameter.Parameter'> torch.Size([512, 2048, 1, 1])
ooo151 layer4.2.bn1.weight <class 'torch.nn.parameter.Parameter'> torch.Size([512])
ooo152 layer4.2.bn1.bias <class 'torch.nn.parameter.Parameter'> torch.Size([512])
ooo153 layer4.2.conv2.weight <class 'torch.nn.parameter.Parameter'> torch.Size([512, 512, 3, 3])
ooo154 layer4.2.bn2.weight <class 'torch.nn.parameter.Parameter'> torch.Size([512])
ooo155 layer4.2.bn2.bias <class 'torch.nn.parameter.Parameter'> torch.Size([512])
ooo156 layer4.2.conv3.weight <class 'torch.nn.parameter.Parameter'> torch.Size([2048, 512, 1, 1])
ooo157 layer4.2.bn3.weight <class 'torch.nn.parameter.Parameter'> torch.Size([2048])
ooo158 layer4.2.bn3.bias <class 'torch.nn.parameter.Parameter'> torch.Size([2048])
ooo159 fc.weight <class 'torch.nn.parameter.Parameter'> torch.Size([1000, 2048])
ooo160 fc.bias <class 'torch.nn.parameter.Parameter'> torch.Size([1000])
