(base) root@b927dc02ab09:/workspace/wyt_workspace/pytorch-image-models#  cd /workspace/wyt_workspace/pytorch-image-models ; /usr/bin/env /opt/conda/bin/python /root/.vscode-server/extensions/ms-python.python-2022.0.1814523869/pythonFiles/lib/python/debugpy/launcher 35605 -- /workspace/wyt_workspace/pytorch-image-models/train.py /data/pytorch/datasets/imagenet_training --model resnet50 --sched cosine --epochs 100 --input-size 3 160 160 --opt lamb --warmup-epochs 5 --cooldown-epochs 0 --lr 8e-3 --weight-decay 0.02 --batch-size 128 --mixup 0.1 --cutmix 1.0 --smoothing 0.0 --bce-loss -j 4 --output ./output 
-----Optimizer Grad----- torch.Size([1000]) tensor([0.0005, 0.0005, 0.0006, 0.0006, 0.0005, 0.0005, 0.0004, 0.0006, 0.0004,
        0.0005, 0.0004, 0.0005, 0.0005, 0.0004, 0.0005, 0.0005, 0.0005, 0.0005,
        0.0005, 0.0005, 0.0005, 0.0004, 0.0005, 0.0005, 0.0004, 0.0005, 0.0005,
        0.0005, 0.0006, 0.0005, 0.0005, 0.0006, 0.0005, 0.0005, 0.0005, 0.0006,
        0.0005, 0.0005, 0.0005, 0.0005, 0.0004, 0.0005, 0.0005, 0.0005, 0.0006,
        0.0005, 0.0005, 0.0006, 0.0006, 0.0006, 0.0004, 0.0006, 0.0007, 0.0005,
        0.0005, 0.0006, 0.0005, 0.0005, 0.0005, 0.0005, 0.0005, 0.0005, 0.0005,
        0.0005, 0.0004, 0.0004, 0.0006, 0.0004, 0.0005, 0.0005, 0.0006, 0.0005,
        0.0004, 0.0005, 0.0006, 0.0005, 0.0005, 0.0005, 0.0005, 0.0005, 0.0005,
        0.0005, 0.0005, 0.0005, 0.0006, 0.0006, 0.0005, 0.0004, 0.0004, 0.0005,
        0.0005, 0.0005, 0.0004, 0.0005, 0.0005, 0.0005, 0.0005, 0.0004, 0.0006,
        0.0005, 0.0004, 0.0004, 0.0006, 0.0005, 0.0005, 0.0005, 0.0005, 0.0005,
        0.0005, 0.0005, 0.0005, 0.0005, 0.0006, 0.0005, 0.0005, 0.0005, 0.0005,
        0.0005, 0.0005, 0.0005, 0.0006, 0.0005, 0.0005, 0.0006, 0.0005, 0.0005,
        0.0005, 0.0006, 0.0004, 0.0005, 0.0005, 0.0005, 0.0005, 0.0005, 0.0005,
        0.0006, 0.0006, 0.0005, 0.0006, 0.0005, 0.0005, 0.0006, 0.0005, 0.0004,
        0.0005, 0.0005, 0.0005, 0.0005, 0.0005, 0.0005, 0.0005, 0.0005, 0.0005,
        0.0006, 0.0005, 0.0005, 0.0005, 0.0005, 0.0005, 0.0006, 0.0005, 0.0005,
        0.0005, 0.0006, 0.0005, 0.0005, 0.0006, 0.0005, 0.0006, 0.0005, 0.0005,
        0.0006, 0.0004, 0.0004, 0.0005, 0.0005, 0.0006, 0.0004, 0.0005, 0.0005,
        0.0005, 0.0005, 0.0005, 0.0005, 0.0005, 0.0006, 0.0005, 0.0004, 0.0005,
        0.0004, 0.0004, 0.0005, 0.0005, 0.0005, 0.0004, 0.0006, 0.0004, 0.0005,
        0.0004, 0.0004, 0.0005, 0.0005, 0.0004, 0.0005, 0.0006, 0.0005, 0.0006,
        0.0005, 0.0004, 0.0005, 0.0005, 0.0005, 0.0005, 0.0005, 0.0005, 0.0004,
        0.0005, 0.0005, 0.0005, 0.0005, 0.0006, 0.0005, 0.0004, 0.0005, 0.0005,
        0.0006, 0.0006, 0.0004, 0.0004, 0.0005, 0.0004, 0.0005, 0.0006, 0.0005,
        0.0005, 0.0005, 0.0005, 0.0004, 0.0005, 0.0005, 0.0005, 0.0005, 0.0004,
        0.0005, 0.0004, 0.0005, 0.0005, 0.0005, 0.0004, 0.0006, 0.0005, 0.0006,
        0.0006, 0.0004, 0.0004, 0.0004, 0.0004, 0.0006, 0.0005, 0.0005, 0.0005,
        0.0005, 0.0006, 0.0005, 0.0004, 0.0004, 0.0005, 0.0005, 0.0005, 0.0005,
        0.0005, 0.0005, 0.0005, 0.0005, 0.0006, 0.0004, 0.0006, 0.0004, 0.0005,
        0.0005, 0.0006, 0.0005, 0.0005, 0.0004, 0.0005, 0.0005, 0.0006, 0.0005,
        0.0005, 0.0005, 0.0005, 0.0005, 0.0005, 0.0005, 0.0006, 0.0005, 0.0007,
        0.0005, 0.0005, 0.0006, 0.0005, 0.0005, 0.0005, 0.0005, 0.0005, 0.0005,
        0.0005, 0.0005, 0.0005, 0.0005, 0.0005, 0.0005, 0.0005, 0.0005, 0.0005,
        0.0005, 0.0005, 0.0006, 0.0006, 0.0005, 0.0005, 0.0005, 0.0004, 0.0006,
        0.0004, 0.0005, 0.0005, 0.0005, 0.0006, 0.0005, 0.0004, 0.0004, 0.0005,
        0.0006, 0.0006, 0.0006, 0.0005, 0.0005, 0.0004, 0.0006, 0.0004, 0.0005,
        0.0005, 0.0006, 0.0005, 0.0005, 0.0006, 0.0005, 0.0005, 0.0004, 0.0004,
        0.0005, 0.0006, 0.0004, 0.0005, 0.0005, 0.0004, 0.0005, 0.0005, 0.0005,
        0.0005, 0.0004, 0.0005, 0.0005, 0.0005, 0.0005, 0.0006, 0.0005, 0.0004,
        0.0004, 0.0005, 0.0005, 0.0005, 0.0005, 0.0005, 0.0005, 0.0004, 0.0005,
        0.0004, 0.0006, 0.0005, 0.0005, 0.0005, 0.0004, 0.0005, 0.0006, 0.0005,
        0.0005, 0.0006, 0.0005, 0.0005, 0.0005, 0.0005, 0.0006, 0.0005, 0.0005,
        0.0004, 0.0004, 0.0005, 0.0005, 0.0005, 0.0005, 0.0005, 0.0004, 0.0005,
        0.0004, 0.0005, 0.0006, 0.0005, 0.0006, 0.0005, 0.0005, 0.0005, 0.0006,
        0.0006, 0.0005, 0.0005, 0.0005, 0.0005, 0.0004, 0.0005, 0.0004, 0.0004,
        0.0006, 0.0005, 0.0005, 0.0005, 0.0005, 0.0005, 0.0006, 0.0005, 0.0005,
        0.0005, 0.0004, 0.0005, 0.0006, 0.0006, 0.0006, 0.0005, 0.0005, 0.0005,
        0.0006, 0.0005, 0.0004, 0.0005, 0.0005, 0.0005, 0.0005, 0.0005, 0.0005,
        0.0004, 0.0005, 0.0005, 0.0005, 0.0005, 0.0005, 0.0005, 0.0005, 0.0005,
        0.0004, 0.0005, 0.0005, 0.0005, 0.0005, 0.0006, 0.0005, 0.0005, 0.0005,
        0.0005, 0.0005, 0.0006, 0.0005, 0.0005, 0.0005, 0.0005, 0.0004, 0.0005,
        0.0004, 0.0005, 0.0006, 0.0005, 0.0005, 0.0004, 0.0004, 0.0005, 0.0006,
        0.0005, 0.0004, 0.0005, 0.0005, 0.0005, 0.0006, 0.0005, 0.0005, 0.0006,
        0.0005, 0.0005, 0.0004, 0.0004, 0.0005, 0.0005, 0.0006, 0.0005, 0.0004,
        0.0006, 0.0005, 0.0006, 0.0005, 0.0005, 0.0005, 0.0005, 0.0005, 0.0005,
        0.0004, 0.0005, 0.0005, 0.0005, 0.0006, 0.0004, 0.0005, 0.0005, 0.0005,
        0.0006, 0.0006, 0.0004, 0.0005, 0.0005, 0.0005, 0.0006, 0.0005, 0.0005,
        0.0005, 0.0005, 0.0006, 0.0005, 0.0005, 0.0005, 0.0004, 0.0006, 0.0005,
        0.0005, 0.0005, 0.0004, 0.0005, 0.0005, 0.0005, 0.0005, 0.0004, 0.0005,
        0.0004, 0.0006, 0.0005, 0.0005, 0.0005, 0.0005, 0.0005, 0.0005, 0.0005,
        0.0004, 0.0004, 0.0005, 0.0005, 0.0004, 0.0005, 0.0004, 0.0005, 0.0005,
        0.0006, 0.0006, 0.0006, 0.0005, 0.0005, 0.0005, 0.0005, 0.0004, 0.0006,
        0.0005, 0.0005, 0.0006, 0.0006, 0.0004, 0.0006, 0.0005, 0.0004, 0.0005,
        0.0006, 0.0005, 0.0004, 0.0006, 0.0005, 0.0005, 0.0006, 0.0005, 0.0006,
        0.0005, 0.0006, 0.0005, 0.0006, 0.0005, 0.0005, 0.0005, 0.0005, 0.0005,
        0.0006, 0.0005, 0.0005, 0.0005, 0.0005, 0.0004, 0.0006, 0.0005, 0.0005,
        0.0005, 0.0005, 0.0005, 0.0005, 0.0005, 0.0005, 0.0004, 0.0005, 0.0005,
        0.0005, 0.0004, 0.0005, 0.0005, 0.0005, 0.0005, 0.0005, 0.0005, 0.0005,
        0.0005, 0.0006, 0.0005, 0.0005, 0.0005, 0.0006, 0.0005, 0.0005, 0.0006,
        0.0005, 0.0005, 0.0005, 0.0005, 0.0005, 0.0005, 0.0005, 0.0005, 0.0004,
        0.0004, 0.0005, 0.0005, 0.0005, 0.0005, 0.0005, 0.0005, 0.0004, 0.0005,
        0.0006, 0.0005, 0.0004, 0.0006, 0.0005, 0.0005, 0.0004, 0.0005, 0.0005,
        0.0005, 0.0004, 0.0006, 0.0006, 0.0005, 0.0005, 0.0005, 0.0005, 0.0006,
        0.0005, 0.0004, 0.0005, 0.0005, 0.0005, 0.0004, 0.0005, 0.0005, 0.0006,
        0.0004, 0.0004, 0.0004, 0.0005, 0.0005, 0.0005, 0.0006, 0.0005, 0.0005,
        0.0005, 0.0005, 0.0004, 0.0004, 0.0006, 0.0006, 0.0005, 0.0006, 0.0004,
        0.0005, 0.0006, 0.0005, 0.0006, 0.0004, 0.0005, 0.0005, 0.0004, 0.0006,
        0.0007, 0.0005, 0.0004, 0.0005, 0.0006, 0.0005, 0.0006, 0.0005, 0.0006,
        0.0005, 0.0005, 0.0005, 0.0006, 0.0005, 0.0005, 0.0004, 0.0006, 0.0005,
        0.0006, 0.0005, 0.0005, 0.0005, 0.0005, 0.0005, 0.0004, 0.0004, 0.0005,
        0.0005, 0.0005, 0.0005, 0.0004, 0.0005, 0.0006, 0.0005, 0.0005, 0.0005,
        0.0005, 0.0005, 0.0005, 0.0005, 0.0004, 0.0005, 0.0004, 0.0005, 0.0006, 0.0004,
        0.0005], device='cuda:0')
OPTIMIZER Params: 0 107 106
-----Optimizer Grad----- torch.Size([1000, 2048]) tensor([[0.0002, 0.0002, 0.0002,  ..., 0.0002, 0.0002, 0.0002],
        [0.0002, 0.0002, 0.0002,  ..., 0.0002, 0.0002, 0.0002],
        [0.0002, 0.0002, 0.0002,  ..., 0.0002, 0.0002, 0.0002],
        ...,
        [0.0002, 0.0002, 0.0002,  ..., 0.0002, 0.0002, 0.0002],
        [0.0002, 0.0001, 0.0002,  ..., 0.0001, 0.0002, 0.0001],
        [0.0002, 0.0002, 0.0002,  ..., 0.0002, 0.0002, 0.0002]],
       device='cuda:0').0005, 0.0004, 0.0005, 0.0005,
        0.0004, 0.0005, 0.0006, 0.0005, 0.0005, 0.0006, 0.0005, 0.0006, 0.0005,
        0.0006, 0.0004, 0.0005, 0.0005, 0.0004, 0.0005, 0.0004, 0.0005, 0.0005,
        0.0004, 0.0005, 0.0005, 0.0005, 0.0005, 0.0005, 0.0005, 0.0005, 0.0004,
        0.0005, 0.0005, 0.0005, 0.0005, 0.0006, 0.0005, 0.0005, 0.0005, 0.0006,
        0.0006, 0.0005, 0.0005, 0.0004, 0.0006, 0.0005, 0.0006, 0.0005, 0.0005,
        0.0005, 0.0005, 0.0006, 0.0004, 0.0005, 0.0005, 0.0005, 0.0005, 0.0006,
        0.0005, 0.0004, 0.0005, 0.0005, 0.0005, 0.0006, 0.0005, 0.0004, 0.0005,
        0.0004, 0.0005, 0.0005, 0.0005, 0.0005, 0.0005, 0.0005, 0.0006, 0.0005,
        0.0006, 0.0004, 0.0006, 0.0005, 0.0006, 0.0005, 0.0004, 0.0004, 0.0005,
        0.0005, 0.0006, 0.0005, 0.0006, 0.0005, 0.0005, 0.0005, 0.0005, 0.0004,
        0.0005, 0.0005, 0.0005, 0.0005, 0.0004, 0.0003, 0.0005, 0.0005, 0.0005,
        0.0004, 0.0004, 0.0005, 0.0005, 0.0005, 0.0005, 0.0004, 0.0005, 0.0006,
        0.0005, 0.0005, 0.0005, 0.0005, 0.0005, 0.0005, 0.0005, 0.0005, 0.0005,
        0.0005, 0.0006, 0.0006, 0.0007, 0.0006, 0.0005, 0.0005, 0.0005, 0.0005,
        0.0006, 0.0005, 0.0006, 0.0005, 0.0004, 0.0005, 0.0005, 0.0004, 0.0004,
        0.0005, 0.0005, 0.0005, 0.0005, 0.0005, 0.0005, 0.0005, 0.0005, 0.0005,
        0.0005, 0.0006, 0.0005, 0.0005, 0.0005, 0.0004, 0.0005, 0.0005, 0.0005,
        0.0004, 0.0005, 0.0004, 0.0005, 0.0005, 0.0005, 0.0005, 0.0005, 0.0005,
        0.0004, 0.0005, 0.0005, 0.0004, 0.0004, 0.0005, 0.0005, 0.0004, 0.0006,
        0.0005, 0.0005, 0.0006, 0.0005, 0.0005, 0.0005, 0.0005, 0.0005, 0.0004,
        0.0005, 0.0006, 0.0005, 0.0005, 0.0006, 0.0005, 0.0006, 0.0006, 0.0005,
        0.0005, 0.0005, 0.0004, 0.0006, 0.0005, 0.0005, 0.0004, 0.0005, 0.0005,
        0.0004, 0.0005, 0.0005, 0.0005, 0.0005, 0.0004, 0.0005, 0.0006, 0.0005,
        0.0005, 0.0005, 0.0004, 0.0004, 0.0006, 0.0005, 0.0004, 0.0005, 0.0005,
        0.0005, 0.0005, 0.0006, 0.0004, 0.0004, 0.0005, 0.0005, 0.0006, 0.0006,
        0.0005, 0.0005, 0.0005, 0.0004, 0.0005, 0.0005, 0.0006, 0.0005, 0.0005,
        0.0005, 0.0005, 0.0005, 0.0005, 0.0005, 0.0004, 0.0005, 0.0006, 0.0004,
        0.0005], device='cuda:0')
OPTIMIZER Params: 0 107 106
-----Optimizer Grad----- torch.Size([1000, 2048]) tensor([[0.0002, 0.0002, 0.0002,  ..., 0.0002, 0.0002, 0.0002],
        [0.0002, 0.0002, 0.0002,  ..., 0.0002, 0.0002, 0.0002],
        [0.0002, 0.0002, 0.0002,  ..., 0.0002, 0.0002, 0.0002],
        ...,
        [0.0002, 0.0002, 0.0002,  ..., 0.0002, 0.0002, 0.0002],
        [0.0002, 0.0001, 0.0002,  ..., 0.0001, 0.0002, 0.0001],
        [0.0002, 0.0002, 0.0002,  ..., 0.0002, 0.0002, 0.0002]],
       device='cuda:0')
OPTIMIZER Params: 1 54 159